biomistral_instruct02_dareties_merge
biomistral_instruct02_slerp_merge

------------------------------------------------------------
Sender: LSF System <lsfadmin@hpc.dtu.dk>
Subject: Job 23473709: <merge_models> in cluster <dcc> Exited

Job <merge_models> was submitted from host <n-62-20-9> by user <s222858> in cluster <dcc> at Wed Dec 18 14:58:35 2024
Job was executed on host(s) <4*n-62-20-12>, in queue <gpuv100>, as user <s222858> in cluster <dcc> at Wed Dec 18 14:58:36 2024
</zhome/af/3/181344> was used as the home directory.
</work3/s222858/02456_deeplearning_group54> was used as the working directory.
Started at Wed Dec 18 14:58:36 2024
Terminated at Wed Dec 18 14:59:07 2024
Results reported at Wed Dec 18 14:59:07 2024

Your job looked like:

------------------------------------------------------------
# LSBATCH: User input
#!/bin/sh
### General options
### –- specify queue --
#BSUB -q gpuv100
### -- specify gpu memory --
#BSUB -R "select[gpu32gb]"
### -- set the job Name --
#BSUB -J merge_models
### -- specify that the cores must be on the same host -- 
#BSUB -R "span[hosts=1]"
### -- ask for number of cores (default: 1) --
#BSUB -n 4
### -- Select the resources: 1 gpu in exclusive process mode --
#BSUB -gpu "num=1:mode=exclusive_process"
### -- set walltime limit: hh:mm --  maximum 24 hours for GPU-queues right now
#BSUB -W 01:00
# request 8GB of system-memory per core
#BSUB -R "rusage[mem=8GB]"
### -- specify that we want the job to get killed if it exceeds 3 GB per core/slot -- 
#BSUB -M 8GB
### -- Specify the output and error file. %J is the job-id --
### -- -o and -e mean append, -oo and -eo mean overwrite --
#BSUB -oo merge_models.out
#BSUB -eo merge_models.err
# -- end of LSF options --

# Load the cuda module
module load cuda/12.4


source ~/miniconda3/bin/activate
conda activate $PWD/../deeplearning

export HF_HOME="$PWD/../huggingface"

for file in "$PWD/Merges/truthful_merges"/*; do
    name=$(echo "$file" | gawk -F "/" '{sub(/\.yml$/, "", $NF); print $NF}')
    echo $name
    mergekit-yaml "$PWD/Merges/truthful_merges/$name.yml" "$HF_HOME/hub/$name/" --cuda
done

conda deactivate

------------------------------------------------------------

TERM_OWNER: job killed by owner.
Exited with exit code 143.

Resource usage summary:

    CPU time :                                   12.00 sec.
    Max Memory :                                 409 MB
    Average Memory :                             349.67 MB
    Total Requested Memory :                     32768.00 MB
    Delta Memory :                               32359.00 MB
    Max Swap :                                   -
    Max Processes :                              4
    Max Threads :                                8
    Run time :                                   109 sec.
    Turnaround time :                            32 sec.

The output (if any) is above this job summary.



PS:

Read file <merge_models.err> for stderr output of this job.

